<<<<<<< HEAD
﻿  ebentoak.c
  graphics.c
  imagen.c
  soinua.c
  text.c
  funcargame.c
  cargame.c
  main.c
  menu.c
  Generating Code...
  02simpleGame.vcxproj -> Z:\IKASGAIAK\1POPBL\carbrumbrum\carbrumbrum\Debug\02simpleGame.exe
=======
﻿  02simpleGameMain.c
  game02.c
  jokoaAurkeztu.c
  Generando código...
  LINK : no se encontró D:\MondragonUnibertsitatea\POPBL\NUESTRO PROYECTO\carbrumbrum\Debug\02simpleGame.exe o no lo generó el último vínculo incremental; ejecutando vínculo completo
  02simpleGame.vcxproj -> D:\MondragonUnibertsitatea\POPBL\NUESTRO PROYECTO\carbrumbrum\Debug\02simpleGame.exe
>>>>>>> e086a22165a231086f3b9fe6b341fb8d7b0af93f
