<<<<<<< HEAD
c:\carbrumbrum\02simplegame\debug\vc141.pdb
c:\carbrumbrum\02simplegame\debug\vc141.idb
c:\carbrumbrum\02simplegame\debug\jokoaaurkeztu.obj
c:\carbrumbrum\02simplegame\debug\game02.obj
c:\carbrumbrum\02simplegame\debug\02simplegamemain.obj
c:\carbrumbrum\02simplegame\debug\text.obj
c:\carbrumbrum\02simplegame\debug\soinua.obj
c:\carbrumbrum\02simplegame\debug\imagen.obj
c:\carbrumbrum\02simplegame\debug\graphics.obj
c:\carbrumbrum\02simplegame\debug\ebentoak.obj
c:\carbrumbrum\debug\02simplegame.exe
c:\carbrumbrum\debug\02simplegame.ilk
c:\carbrumbrum\debug\02simplegame.pdb
c:\carbrumbrum\02simplegame\debug\02simplegame.tlog\cl.command.1.tlog
c:\carbrumbrum\02simplegame\debug\02simplegame.tlog\cl.read.1.tlog
c:\carbrumbrum\02simplegame\debug\02simplegame.tlog\cl.write.1.tlog
c:\carbrumbrum\02simplegame\debug\02simplegame.tlog\link.command.1.tlog
c:\carbrumbrum\02simplegame\debug\02simplegame.tlog\link.read.1.tlog
c:\carbrumbrum\02simplegame\debug\02simplegame.tlog\link.write.1.tlog
=======
z:\ikasgaiak\1popbl\carbrumbrum\02simplegame\debug\vc141.pdb
z:\ikasgaiak\1popbl\carbrumbrum\02simplegame\debug\vc141.idb
z:\ikasgaiak\1popbl\carbrumbrum\02simplegame\debug\jokoaaurkeztu.obj
z:\ikasgaiak\1popbl\carbrumbrum\02simplegame\debug\02simplegamemain.obj
z:\ikasgaiak\1popbl\carbrumbrum\02simplegame\debug\text.obj
z:\ikasgaiak\1popbl\carbrumbrum\02simplegame\debug\soinua.obj
z:\ikasgaiak\1popbl\carbrumbrum\02simplegame\debug\imagen.obj
z:\ikasgaiak\1popbl\carbrumbrum\02simplegame\debug\graphics.obj
z:\ikasgaiak\1popbl\carbrumbrum\02simplegame\debug\ebentoak.obj
z:\ikasgaiak\1popbl\carbrumbrum\02simplegame\debug\02simplegame.tlog\cl.command.1.tlog
z:\ikasgaiak\1popbl\carbrumbrum\02simplegame\debug\02simplegame.tlog\cl.read.1.tlog
z:\ikasgaiak\1popbl\carbrumbrum\02simplegame\debug\02simplegame.tlog\cl.write.1.tlog
>>>>>>> 6981774bcbe5921de621054a7f6244d2d7413da6
